2024-07-12 00:31:38,932 [Worker-3: Loading available Gradle versions] INFO  o.e.b.c.i.u.g.PublishedGradleVersions - Gradle version information cache is out-of-date. Trying to update.
2024-07-12 00:34:49,906 [Worker-8: Creating project "01-FirstMaven_App"] INFO  o.e.m.c.i.l.LifecycleMappingFactory - Using org.eclipse.m2e.jdt.JarLifecycleMapping lifecycle mapping for MavenProject: in.developer:01-FirstMaven_App:0.0.1-SNAPSHOT @ D:\JRTP_Maven_Practices\Maven_Practice\01-FirstMaven_App\pom.xml.
2024-07-12 00:34:53,471 [Worker-8: Creating project "01-FirstMaven_App"] INFO  o.e.m.j.i.AbstractJavaProjectConfigurator - Adding source folder /01-FirstMaven_App/src/main/java
2024-07-12 00:34:53,479 [Worker-8: Creating project "01-FirstMaven_App"] INFO  o.e.m.j.i.AbstractJavaProjectConfigurator - Adding resource folder /01-FirstMaven_App/src/main/resources
2024-07-12 00:34:53,482 [Worker-8: Creating project "01-FirstMaven_App"] INFO  o.e.m.j.i.AbstractJavaProjectConfigurator - Adding source folder /01-FirstMaven_App/src/test/java
2024-07-12 00:34:53,483 [Worker-8: Creating project "01-FirstMaven_App"] INFO  o.e.m.j.i.AbstractJavaProjectConfigurator - Adding resource folder /01-FirstMaven_App/src/test/resources
2024-07-12 00:34:55,867 [Worker-12: Building] WARN  o.a.m.s.f.DefaultMavenResourcesFiltering - Using platform encoding (UTF-8 actually) to copy filtered resources, i.e. build is platform dependent!
2024-07-12 00:34:55,877 [Worker-12: Building] INFO  o.a.m.s.f.DefaultMavenResourcesFiltering - Copying 0 resource from src\main\resources to target\classes
2024-07-12 00:34:55,884 [Worker-12: Building] WARN  o.a.m.s.f.DefaultMavenResourcesFiltering - Using platform encoding (UTF-8 actually) to copy filtered resources, i.e. build is platform dependent!
2024-07-12 00:34:55,887 [Worker-12: Building] INFO  o.a.m.s.f.DefaultMavenResourcesFiltering - Copying 0 resource from src\test\resources to target\test-classes
2024-07-12 00:35:32,027 [Worker-12: Building] WARN  o.a.m.s.f.DefaultMavenResourcesFiltering - Using platform encoding (UTF-8 actually) to copy filtered resources, i.e. build is platform dependent!
2024-07-12 00:35:32,031 [Worker-12: Building] INFO  o.a.m.s.f.DefaultMavenResourcesFiltering - Copying 0 resource from src\main\resources to target\classes
2024-07-12 00:35:32,042 [Worker-12: Building] WARN  o.a.m.s.f.DefaultMavenResourcesFiltering - Using platform encoding (UTF-8 actually) to copy filtered resources, i.e. build is platform dependent!
2024-07-12 00:35:32,047 [Worker-12: Building] INFO  o.a.m.s.f.DefaultMavenResourcesFiltering - Copying 0 resource from src\test\resources to target\test-classes
2024-07-12 00:47:22,148 [Worker-16: Building] INFO  o.e.m.c.i.l.LifecycleMappingFactory - Using org.eclipse.m2e.jdt.JarLifecycleMapping lifecycle mapping for MavenProject: in.developer:01-FirstMaven_App:0.0.1-SNAPSHOT @ D:\JRTP_Maven_Practices\Maven_Practice\01-FirstMaven_App\pom.xml.
2024-07-12 00:47:22,561 [Worker-16: Building] WARN  o.a.m.s.f.DefaultMavenResourcesFiltering - Using platform encoding (UTF-8 actually) to copy filtered resources, i.e. build is platform dependent!
2024-07-12 00:47:22,567 [Worker-16: Building] INFO  o.a.m.s.f.DefaultMavenResourcesFiltering - Copying 0 resource from src\main\resources to target\classes
2024-07-12 00:47:22,577 [Worker-16: Building] WARN  o.a.m.s.f.DefaultMavenResourcesFiltering - Using platform encoding (UTF-8 actually) to copy filtered resources, i.e. build is platform dependent!
2024-07-12 00:47:22,580 [Worker-16: Building] INFO  o.a.m.s.f.DefaultMavenResourcesFiltering - Copying 0 resource from src\test\resources to target\test-classes
2024-07-12 00:47:53,626 [Worker-15: Building] INFO  o.e.m.c.i.l.LifecycleMappingFactory - Using org.eclipse.m2e.jdt.JarLifecycleMapping lifecycle mapping for MavenProject: in.developer:01-FirstMaven_App:0.0.1-SNAPSHOT @ D:\JRTP_Maven_Practices\Maven_Practice\01-FirstMaven_App\pom.xml.
2024-07-12 00:47:54,971 [Worker-15: Building] WARN  o.a.m.s.f.DefaultMavenResourcesFiltering - Using platform encoding (UTF-8 actually) to copy filtered resources, i.e. build is platform dependent!
2024-07-12 00:47:54,976 [Worker-15: Building] INFO  o.a.m.s.f.DefaultMavenResourcesFiltering - Copying 0 resource from src\main\resources to target\classes
2024-07-12 00:47:54,982 [Worker-15: Building] WARN  o.a.m.s.f.DefaultMavenResourcesFiltering - Using platform encoding (UTF-8 actually) to copy filtered resources, i.e. build is platform dependent!
2024-07-12 00:47:54,984 [Worker-15: Building] INFO  o.a.m.s.f.DefaultMavenResourcesFiltering - Copying 0 resource from src\test\resources to target\test-classes
2024-07-12 00:47:56,695 [Worker-15: Building] WARN  o.a.m.s.f.DefaultMavenResourcesFiltering - Using platform encoding (UTF-8 actually) to copy filtered resources, i.e. build is platform dependent!
2024-07-12 00:47:56,696 [Worker-15: Building] INFO  o.a.m.s.f.DefaultMavenResourcesFiltering - Copying 0 resource from src\main\resources to target\classes
2024-07-12 00:47:56,701 [Worker-15: Building] WARN  o.a.m.s.f.DefaultMavenResourcesFiltering - Using platform encoding (UTF-8 actually) to copy filtered resources, i.e. build is platform dependent!
2024-07-12 00:47:56,703 [Worker-15: Building] INFO  o.a.m.s.f.DefaultMavenResourcesFiltering - Copying 0 resource from src\test\resources to target\test-classes
2024-07-12 02:11:07,273 [Worker-21: Creating project "01-Parent"] INFO  o.e.m.c.i.l.LifecycleMappingFactory - Using NULL lifecycle mapping for MavenProject: in.sandeepit:01-Parent:0.0.1-SNAPSHOT @ D:\JRTP_Maven_Practices\Maven_Practice\01-Parent\pom.xml.
2024-07-12 02:12:20,338 [Worker-28: Creating project "Payment"] INFO  o.e.m.c.i.l.LifecycleMappingFactory - Using org.eclipse.m2e.jdt.JarLifecycleMapping lifecycle mapping for MavenProject: in.sandeepit:Payment:0.0.1-SNAPSHOT @ D:\JRTP_Maven_Practices\Maven_Practice\01-Parent\Payment\pom.xml.
2024-07-12 02:12:20,951 [Worker-28: Creating project "Payment"] INFO  o.e.m.j.i.AbstractJavaProjectConfigurator - Adding source folder /Payment/src/main/java
2024-07-12 02:12:20,954 [Worker-28: Creating project "Payment"] INFO  o.e.m.j.i.AbstractJavaProjectConfigurator - Adding resource folder /Payment/src/main/resources
2024-07-12 02:12:20,954 [Worker-28: Creating project "Payment"] INFO  o.e.m.j.i.AbstractJavaProjectConfigurator - Adding source folder /Payment/src/test/java
2024-07-12 02:12:20,955 [Worker-28: Creating project "Payment"] INFO  o.e.m.j.i.AbstractJavaProjectConfigurator - Adding resource folder /Payment/src/test/resources
2024-07-12 02:12:21,432 [Worker-24: Building] WARN  o.a.m.s.f.DefaultMavenResourcesFiltering - Using platform encoding (UTF-8 actually) to copy filtered resources, i.e. build is platform dependent!
2024-07-12 02:12:21,434 [Worker-24: Building] INFO  o.a.m.s.f.DefaultMavenResourcesFiltering - Copying 0 resource from src\main\resources to target\classes
2024-07-12 02:12:21,438 [Worker-24: Building] WARN  o.a.m.s.f.DefaultMavenResourcesFiltering - Using platform encoding (UTF-8 actually) to copy filtered resources, i.e. build is platform dependent!
2024-07-12 02:12:21,440 [Worker-24: Building] INFO  o.a.m.s.f.DefaultMavenResourcesFiltering - Copying 0 resource from src\test\resources to target\test-classes
2024-07-12 02:12:22,530 [Worker-30: Building] INFO  o.e.m.c.i.l.LifecycleMappingFactory - Using NULL lifecycle mapping for MavenProject: in.sandeepit:01-Parent:0.0.1-SNAPSHOT @ D:\JRTP_Maven_Practices\Maven_Practice\01-Parent\pom.xml.
2024-07-12 02:12:22,729 [Worker-30: Building] INFO  o.e.m.c.i.l.LifecycleMappingFactory - Using org.eclipse.m2e.jdt.JarLifecycleMapping lifecycle mapping for MavenProject: in.sandeepit:Payment:0.0.1-SNAPSHOT @ D:\JRTP_Maven_Practices\Maven_Practice\01-Parent\Payment\pom.xml.
2024-07-12 02:13:08,005 [Worker-26: Creating project "Reports"] INFO  o.e.m.c.i.l.LifecycleMappingFactory - Using org.eclipse.m2e.jdt.JarLifecycleMapping lifecycle mapping for MavenProject: in.sandeepit:Reports:0.0.1-SNAPSHOT @ D:\JRTP_Maven_Practices\Maven_Practice\01-Parent\Reports\pom.xml.
2024-07-12 02:13:08,571 [Worker-26: Creating project "Reports"] INFO  o.e.m.j.i.AbstractJavaProjectConfigurator - Adding source folder /Reports/src/main/java
2024-07-12 02:13:08,572 [Worker-26: Creating project "Reports"] INFO  o.e.m.j.i.AbstractJavaProjectConfigurator - Adding resource folder /Reports/src/main/resources
2024-07-12 02:13:08,573 [Worker-26: Creating project "Reports"] INFO  o.e.m.j.i.AbstractJavaProjectConfigurator - Adding source folder /Reports/src/test/java
2024-07-12 02:13:08,574 [Worker-26: Creating project "Reports"] INFO  o.e.m.j.i.AbstractJavaProjectConfigurator - Adding resource folder /Reports/src/test/resources
2024-07-12 02:13:09,076 [Worker-29: Building] INFO  o.e.m.c.i.l.LifecycleMappingFactory - Using NULL lifecycle mapping for MavenProject: in.sandeepit:01-Parent:0.0.1-SNAPSHOT @ D:\JRTP_Maven_Practices\Maven_Practice\01-Parent\pom.xml.
2024-07-12 02:13:09,162 [Worker-29: Building] INFO  o.e.m.c.i.l.LifecycleMappingFactory - Using org.eclipse.m2e.jdt.JarLifecycleMapping lifecycle mapping for MavenProject: in.sandeepit:Payment:0.0.1-SNAPSHOT @ D:\JRTP_Maven_Practices\Maven_Practice\01-Parent\Payment\pom.xml.
2024-07-12 02:13:09,343 [Worker-29: Building] INFO  o.e.m.c.i.l.LifecycleMappingFactory - Using org.eclipse.m2e.jdt.JarLifecycleMapping lifecycle mapping for MavenProject: in.sandeepit:Reports:0.0.1-SNAPSHOT @ D:\JRTP_Maven_Practices\Maven_Practice\01-Parent\Reports\pom.xml.
2024-07-12 02:13:09,628 [Worker-29: Building] WARN  o.a.m.s.f.DefaultMavenResourcesFiltering - Using platform encoding (UTF-8 actually) to copy filtered resources, i.e. build is platform dependent!
2024-07-12 02:13:09,629 [Worker-29: Building] INFO  o.a.m.s.f.DefaultMavenResourcesFiltering - Copying 0 resource from src\main\resources to target\classes
2024-07-12 02:13:09,633 [Worker-29: Building] WARN  o.a.m.s.f.DefaultMavenResourcesFiltering - Using platform encoding (UTF-8 actually) to copy filtered resources, i.e. build is platform dependent!
2024-07-12 02:13:09,636 [Worker-29: Building] INFO  o.a.m.s.f.DefaultMavenResourcesFiltering - Copying 0 resource from src\test\resources to target\test-classes
2024-07-13 00:55:31,540 [Worker-3: Loading available Gradle versions] INFO  o.e.b.c.i.u.g.PublishedGradleVersions - Gradle version information cache is out-of-date. Trying to update.
2024-07-13 00:55:41,970 [Worker-1: Building] WARN  o.a.m.s.f.DefaultMavenResourcesFiltering - Using platform encoding (UTF-8 actually) to copy filtered resources, i.e. build is platform dependent!
2024-07-13 00:55:41,982 [Worker-1: Building] INFO  o.a.m.s.f.DefaultMavenResourcesFiltering - Copying 0 resource from src\main\resources to target\classes
2024-07-13 00:55:42,003 [Worker-1: Building] WARN  o.a.m.s.f.DefaultMavenResourcesFiltering - Using platform encoding (UTF-8 actually) to copy filtered resources, i.e. build is platform dependent!
2024-07-13 00:55:42,006 [Worker-1: Building] INFO  o.a.m.s.f.DefaultMavenResourcesFiltering - Copying 0 resource from src\test\resources to target\test-classes
2024-07-13 00:55:43,689 [Worker-1: Building] WARN  o.a.m.s.f.DefaultMavenResourcesFiltering - Using platform encoding (UTF-8 actually) to copy filtered resources, i.e. build is platform dependent!
2024-07-13 00:55:43,691 [Worker-1: Building] INFO  o.a.m.s.f.DefaultMavenResourcesFiltering - Copying 0 resource from src\main\resources to target\classes
2024-07-13 00:55:43,706 [Worker-1: Building] WARN  o.a.m.s.f.DefaultMavenResourcesFiltering - Using platform encoding (UTF-8 actually) to copy filtered resources, i.e. build is platform dependent!
2024-07-13 00:55:43,710 [Worker-1: Building] INFO  o.a.m.s.f.DefaultMavenResourcesFiltering - Copying 0 resource from src\test\resources to target\test-classes
2024-07-13 00:55:43,929 [Worker-1: Building] WARN  o.a.m.s.f.DefaultMavenResourcesFiltering - Using platform encoding (UTF-8 actually) to copy filtered resources, i.e. build is platform dependent!
2024-07-13 00:55:43,931 [Worker-1: Building] INFO  o.a.m.s.f.DefaultMavenResourcesFiltering - Copying 0 resource from src\main\resources to target\classes
2024-07-13 00:55:43,939 [Worker-1: Building] WARN  o.a.m.s.f.DefaultMavenResourcesFiltering - Using platform encoding (UTF-8 actually) to copy filtered resources, i.e. build is platform dependent!
2024-07-13 00:55:43,940 [Worker-1: Building] INFO  o.a.m.s.f.DefaultMavenResourcesFiltering - Copying 0 resource from src\test\resources to target\test-classes
2024-07-13 00:56:54,105 [main] INFO  o.e.m2e.actions.ExecutePomAction - Creating new launch configuration
2024-07-13 00:57:16,699 [Worker-12: Launching 01-FirstMaven_App] INFO  o.eclipse.m2e.core.internal.Bundles - getClasspathEntries(Bundle=org.eclipse.m2e.maven.runtime_3.9.700.20240602-2313 [359])
2024-07-13 00:57:16,704 [Worker-12: Launching 01-FirstMaven_App] INFO  o.eclipse.m2e.core.internal.Bundles - 	Entry: C:\Users\SANDEEP KUSHWAHA\Downloads\sts-4.23.1.RELEASE\plugins\org.eclipse.m2e.maven.runtime_3.9.700.20240602-2313
2024-07-13 00:57:16,704 [Worker-12: Launching 01-FirstMaven_App] INFO  o.eclipse.m2e.core.internal.Bundles - 	Entry: C:\Users\SANDEEP KUSHWAHA\Downloads\sts-4.23.1.RELEASE\plugins\org.eclipse.m2e.maven.runtime_3.9.700.20240602-2313\jars\aopalliance-1.0.jar
2024-07-13 00:57:16,705 [Worker-12: Launching 01-FirstMaven_App] INFO  o.eclipse.m2e.core.internal.Bundles - 	Entry: C:\Users\SANDEEP KUSHWAHA\Downloads\sts-4.23.1.RELEASE\plugins\org.eclipse.m2e.maven.runtime_3.9.700.20240602-2313\jars\guice-5.1.0.jar
2024-07-13 00:57:16,706 [Worker-12: Launching 01-FirstMaven_App] INFO  o.eclipse.m2e.core.internal.Bundles - 	Entry: C:\Users\SANDEEP KUSHWAHA\Downloads\sts-4.23.1.RELEASE\plugins\org.eclipse.m2e.maven.runtime_3.9.700.20240602-2313\jars\httpclient-4.5.14.jar
2024-07-13 00:57:16,707 [Worker-12: Launching 01-FirstMaven_App] INFO  o.eclipse.m2e.core.internal.Bundles - 	Entry: C:\Users\SANDEEP KUSHWAHA\Downloads\sts-4.23.1.RELEASE\plugins\org.eclipse.m2e.maven.runtime_3.9.700.20240602-2313\jars\httpcore-4.4.16.jar
2024-07-13 00:57:16,708 [Worker-12: Launching 01-FirstMaven_App] INFO  o.eclipse.m2e.core.internal.Bundles - 	Entry: C:\Users\SANDEEP KUSHWAHA\Downloads\sts-4.23.1.RELEASE\plugins\org.eclipse.m2e.maven.runtime_3.9.700.20240602-2313\jars\jansi-2.4.1.jar
2024-07-13 00:57:16,709 [Worker-12: Launching 01-FirstMaven_App] INFO  o.eclipse.m2e.core.internal.Bundles - 	Entry: C:\Users\SANDEEP KUSHWAHA\Downloads\sts-4.23.1.RELEASE\plugins\org.eclipse.m2e.maven.runtime_3.9.700.20240602-2313\jars\jcl-over-slf4j-1.7.36.jar
2024-07-13 00:57:16,710 [Worker-12: Launching 01-FirstMaven_App] INFO  o.eclipse.m2e.core.internal.Bundles - 	Entry: C:\Users\SANDEEP KUSHWAHA\Downloads\sts-4.23.1.RELEASE\plugins\org.eclipse.m2e.maven.runtime_3.9.700.20240602-2313\jars\maven-artifact-3.9.7.jar
2024-07-13 00:57:16,711 [Worker-12: Launching 01-FirstMaven_App] INFO  o.eclipse.m2e.core.internal.Bundles - 	Entry: C:\Users\SANDEEP KUSHWAHA\Downloads\sts-4.23.1.RELEASE\plugins\org.eclipse.m2e.maven.runtime_3.9.700.20240602-2313\jars\maven-builder-support-3.9.7.jar
2024-07-13 00:57:16,711 [Worker-12: Launching 01-FirstMaven_App] INFO  o.eclipse.m2e.core.internal.Bundles - 	Entry: C:\Users\SANDEEP KUSHWAHA\Downloads\sts-4.23.1.RELEASE\plugins\org.eclipse.m2e.maven.runtime_3.9.700.20240602-2313\jars\maven-compat-3.9.7.jar
2024-07-13 00:57:16,712 [Worker-12: Launching 01-FirstMaven_App] INFO  o.eclipse.m2e.core.internal.Bundles - 	Entry: C:\Users\SANDEEP KUSHWAHA\Downloads\sts-4.23.1.RELEASE\plugins\org.eclipse.m2e.maven.runtime_3.9.700.20240602-2313\jars\maven-core-3.9.7.jar
2024-07-13 00:57:16,712 [Worker-12: Launching 01-FirstMaven_App] INFO  o.eclipse.m2e.core.internal.Bundles - 	Entry: C:\Users\SANDEEP KUSHWAHA\Downloads\sts-4.23.1.RELEASE\plugins\org.eclipse.m2e.maven.runtime_3.9.700.20240602-2313\jars\maven-embedder-3.9.7.jar
2024-07-13 00:57:16,712 [Worker-12: Launching 01-FirstMaven_App] INFO  o.eclipse.m2e.core.internal.Bundles - 	Entry: C:\Users\SANDEEP KUSHWAHA\Downloads\sts-4.23.1.RELEASE\plugins\org.eclipse.m2e.maven.runtime_3.9.700.20240602-2313\jars\maven-model-3.9.7.jar
2024-07-13 00:57:16,713 [Worker-12: Launching 01-FirstMaven_App] INFO  o.eclipse.m2e.core.internal.Bundles - 	Entry: C:\Users\SANDEEP KUSHWAHA\Downloads\sts-4.23.1.RELEASE\plugins\org.eclipse.m2e.maven.runtime_3.9.700.20240602-2313\jars\maven-model-builder-3.9.7.jar
2024-07-13 00:57:16,713 [Worker-12: Launching 01-FirstMaven_App] INFO  o.eclipse.m2e.core.internal.Bundles - 	Entry: C:\Users\SANDEEP KUSHWAHA\Downloads\sts-4.23.1.RELEASE\plugins\org.eclipse.m2e.maven.runtime_3.9.700.20240602-2313\jars\maven-plugin-api-3.9.7.jar
2024-07-13 00:57:16,714 [Worker-12: Launching 01-FirstMaven_App] INFO  o.eclipse.m2e.core.internal.Bundles - 	Entry: C:\Users\SANDEEP KUSHWAHA\Downloads\sts-4.23.1.RELEASE\plugins\org.eclipse.m2e.maven.runtime_3.9.700.20240602-2313\jars\maven-repository-metadata-3.9.7.jar
2024-07-13 00:57:16,714 [Worker-12: Launching 01-FirstMaven_App] INFO  o.eclipse.m2e.core.internal.Bundles - 	Entry: C:\Users\SANDEEP KUSHWAHA\Downloads\sts-4.23.1.RELEASE\plugins\org.eclipse.m2e.maven.runtime_3.9.700.20240602-2313\jars\maven-resolver-api-1.9.20.jar
2024-07-13 00:57:16,715 [Worker-12: Launching 01-FirstMaven_App] INFO  o.eclipse.m2e.core.internal.Bundles - 	Entry: C:\Users\SANDEEP KUSHWAHA\Downloads\sts-4.23.1.RELEASE\plugins\org.eclipse.m2e.maven.runtime_3.9.700.20240602-2313\jars\maven-resolver-connector-basic-1.9.20.jar
2024-07-13 00:57:16,715 [Worker-12: Launching 01-FirstMaven_App] INFO  o.eclipse.m2e.core.internal.Bundles - 	Entry: C:\Users\SANDEEP KUSHWAHA\Downloads\sts-4.23.1.RELEASE\plugins\org.eclipse.m2e.maven.runtime_3.9.700.20240602-2313\jars\maven-resolver-impl-1.9.20.jar
2024-07-13 00:57:16,715 [Worker-12: Launching 01-FirstMaven_App] INFO  o.eclipse.m2e.core.internal.Bundles - 	Entry: C:\Users\SANDEEP KUSHWAHA\Downloads\sts-4.23.1.RELEASE\plugins\org.eclipse.m2e.maven.runtime_3.9.700.20240602-2313\jars\maven-resolver-named-locks-1.9.20.jar
2024-07-13 00:57:16,716 [Worker-12: Launching 01-FirstMaven_App] INFO  o.eclipse.m2e.core.internal.Bundles - 	Entry: C:\Users\SANDEEP KUSHWAHA\Downloads\sts-4.23.1.RELEASE\plugins\org.eclipse.m2e.maven.runtime_3.9.700.20240602-2313\jars\maven-resolver-provider-3.9.7.jar
2024-07-13 00:57:16,716 [Worker-12: Launching 01-FirstMaven_App] INFO  o.eclipse.m2e.core.internal.Bundles - 	Entry: C:\Users\SANDEEP KUSHWAHA\Downloads\sts-4.23.1.RELEASE\plugins\org.eclipse.m2e.maven.runtime_3.9.700.20240602-2313\jars\maven-resolver-spi-1.9.20.jar
2024-07-13 00:57:16,717 [Worker-12: Launching 01-FirstMaven_App] INFO  o.eclipse.m2e.core.internal.Bundles - 	Entry: C:\Users\SANDEEP KUSHWAHA\Downloads\sts-4.23.1.RELEASE\plugins\org.eclipse.m2e.maven.runtime_3.9.700.20240602-2313\jars\maven-resolver-transport-file-1.9.20.jar
2024-07-13 00:57:16,717 [Worker-12: Launching 01-FirstMaven_App] INFO  o.eclipse.m2e.core.internal.Bundles - 	Entry: C:\Users\SANDEEP KUSHWAHA\Downloads\sts-4.23.1.RELEASE\plugins\org.eclipse.m2e.maven.runtime_3.9.700.20240602-2313\jars\maven-resolver-transport-http-1.9.20.jar
2024-07-13 00:57:16,718 [Worker-12: Launching 01-FirstMaven_App] INFO  o.eclipse.m2e.core.internal.Bundles - 	Entry: C:\Users\SANDEEP KUSHWAHA\Downloads\sts-4.23.1.RELEASE\plugins\org.eclipse.m2e.maven.runtime_3.9.700.20240602-2313\jars\maven-resolver-transport-wagon-1.9.20.jar
2024-07-13 00:57:16,718 [Worker-12: Launching 01-FirstMaven_App] INFO  o.eclipse.m2e.core.internal.Bundles - 	Entry: C:\Users\SANDEEP KUSHWAHA\Downloads\sts-4.23.1.RELEASE\plugins\org.eclipse.m2e.maven.runtime_3.9.700.20240602-2313\jars\maven-resolver-util-1.9.20.jar
2024-07-13 00:57:16,719 [Worker-12: Launching 01-FirstMaven_App] INFO  o.eclipse.m2e.core.internal.Bundles - 	Entry: C:\Users\SANDEEP KUSHWAHA\Downloads\sts-4.23.1.RELEASE\plugins\org.eclipse.m2e.maven.runtime_3.9.700.20240602-2313\jars\maven-settings-3.9.7.jar
2024-07-13 00:57:16,719 [Worker-12: Launching 01-FirstMaven_App] INFO  o.eclipse.m2e.core.internal.Bundles - 	Entry: C:\Users\SANDEEP KUSHWAHA\Downloads\sts-4.23.1.RELEASE\plugins\org.eclipse.m2e.maven.runtime_3.9.700.20240602-2313\jars\maven-settings-builder-3.9.7.jar
2024-07-13 00:57:16,720 [Worker-12: Launching 01-FirstMaven_App] INFO  o.eclipse.m2e.core.internal.Bundles - 	Entry: C:\Users\SANDEEP KUSHWAHA\Downloads\sts-4.23.1.RELEASE\plugins\org.eclipse.m2e.maven.runtime_3.9.700.20240602-2313\jars\maven-shared-utils-3.4.2.jar
2024-07-13 00:57:16,720 [Worker-12: Launching 01-FirstMaven_App] INFO  o.eclipse.m2e.core.internal.Bundles - 	Entry: C:\Users\SANDEEP KUSHWAHA\Downloads\sts-4.23.1.RELEASE\plugins\org.eclipse.m2e.maven.runtime_3.9.700.20240602-2313\jars\org.eclipse.sisu.inject-0.9.0.M2.jar
2024-07-13 00:57:16,721 [Worker-12: Launching 01-FirstMaven_App] INFO  o.eclipse.m2e.core.internal.Bundles - 	Entry: C:\Users\SANDEEP KUSHWAHA\Downloads\sts-4.23.1.RELEASE\plugins\org.eclipse.m2e.maven.runtime_3.9.700.20240602-2313\jars\org.eclipse.sisu.plexus-0.9.0.M2.jar
2024-07-13 00:57:16,721 [Worker-12: Launching 01-FirstMaven_App] INFO  o.eclipse.m2e.core.internal.Bundles - 	Entry: C:\Users\SANDEEP KUSHWAHA\Downloads\sts-4.23.1.RELEASE\plugins\org.eclipse.m2e.maven.runtime_3.9.700.20240602-2313\jars\plexus-build-api-0.0.7.jar
2024-07-13 00:57:16,721 [Worker-12: Launching 01-FirstMaven_App] INFO  o.eclipse.m2e.core.internal.Bundles - 	Entry: C:\Users\SANDEEP KUSHWAHA\Downloads\sts-4.23.1.RELEASE\plugins\org.eclipse.m2e.maven.runtime_3.9.700.20240602-2313\jars\plexus-build-api-1.2.0.jar
2024-07-13 00:57:16,722 [Worker-12: Launching 01-FirstMaven_App] INFO  o.eclipse.m2e.core.internal.Bundles - 	Entry: C:\Users\SANDEEP KUSHWAHA\Downloads\sts-4.23.1.RELEASE\plugins\org.eclipse.m2e.maven.runtime_3.9.700.20240602-2313\jars\plexus-cipher-2.0.jar
2024-07-13 00:57:16,722 [Worker-12: Launching 01-FirstMaven_App] INFO  o.eclipse.m2e.core.internal.Bundles - 	Entry: C:\Users\SANDEEP KUSHWAHA\Downloads\sts-4.23.1.RELEASE\plugins\org.eclipse.m2e.maven.runtime_3.9.700.20240602-2313\jars\plexus-classworlds-2.8.0.jar
2024-07-13 00:57:16,723 [Worker-12: Launching 01-FirstMaven_App] INFO  o.eclipse.m2e.core.internal.Bundles - 	Entry: C:\Users\SANDEEP KUSHWAHA\Downloads\sts-4.23.1.RELEASE\plugins\org.eclipse.m2e.maven.runtime_3.9.700.20240602-2313\jars\plexus-component-annotations-2.1.0.jar
2024-07-13 00:57:16,724 [Worker-12: Launching 01-FirstMaven_App] INFO  o.eclipse.m2e.core.internal.Bundles - 	Entry: C:\Users\SANDEEP KUSHWAHA\Downloads\sts-4.23.1.RELEASE\plugins\org.eclipse.m2e.maven.runtime_3.9.700.20240602-2313\jars\plexus-interpolation-1.27.jar
2024-07-13 00:57:16,726 [Worker-12: Launching 01-FirstMaven_App] INFO  o.eclipse.m2e.core.internal.Bundles - 	Entry: C:\Users\SANDEEP KUSHWAHA\Downloads\sts-4.23.1.RELEASE\plugins\org.eclipse.m2e.maven.runtime_3.9.700.20240602-2313\jars\plexus-sec-dispatcher-2.0.jar
2024-07-13 00:57:16,726 [Worker-12: Launching 01-FirstMaven_App] INFO  o.eclipse.m2e.core.internal.Bundles - 	Entry: C:\Users\SANDEEP KUSHWAHA\Downloads\sts-4.23.1.RELEASE\plugins\org.eclipse.m2e.maven.runtime_3.9.700.20240602-2313\jars\plexus-utils-3.5.1.jar
2024-07-13 00:57:16,727 [Worker-12: Launching 01-FirstMaven_App] INFO  o.eclipse.m2e.core.internal.Bundles - 	Entry: C:\Users\SANDEEP KUSHWAHA\Downloads\sts-4.23.1.RELEASE\plugins\org.eclipse.m2e.maven.runtime_3.9.700.20240602-2313\jars\wagon-file-3.5.3.jar
2024-07-13 00:57:16,727 [Worker-12: Launching 01-FirstMaven_App] INFO  o.eclipse.m2e.core.internal.Bundles - 	Entry: C:\Users\SANDEEP KUSHWAHA\Downloads\sts-4.23.1.RELEASE\plugins\org.eclipse.m2e.maven.runtime_3.9.700.20240602-2313\jars\wagon-http-3.5.3.jar
2024-07-13 00:57:16,728 [Worker-12: Launching 01-FirstMaven_App] INFO  o.eclipse.m2e.core.internal.Bundles - 	Entry: C:\Users\SANDEEP KUSHWAHA\Downloads\sts-4.23.1.RELEASE\plugins\org.eclipse.m2e.maven.runtime_3.9.700.20240602-2313\jars\wagon-http-shared-3.5.3.jar
2024-07-13 00:57:16,728 [Worker-12: Launching 01-FirstMaven_App] INFO  o.eclipse.m2e.core.internal.Bundles - 	Entry: C:\Users\SANDEEP KUSHWAHA\Downloads\sts-4.23.1.RELEASE\plugins\org.eclipse.m2e.maven.runtime_3.9.700.20240602-2313\jars\wagon-provider-api-3.5.3.jar
2024-07-13 00:57:16,732 [Worker-12: Launching 01-FirstMaven_App] INFO  o.eclipse.m2e.core.internal.Bundles - getClasspathEntries(Bundle=com.google.guava_33.2.0.jre [29])
2024-07-13 00:57:16,733 [Worker-12: Launching 01-FirstMaven_App] INFO  o.eclipse.m2e.core.internal.Bundles - 	Entry: C:\Users\SANDEEP KUSHWAHA\Downloads\sts-4.23.1.RELEASE\plugins\com.google.guava_33.2.0.jre.jar
2024-07-13 00:57:16,733 [Worker-12: Launching 01-FirstMaven_App] INFO  o.eclipse.m2e.core.internal.Bundles - getClasspathEntries(Bundle=slf4j.api_2.0.13 [592])
2024-07-13 00:57:16,734 [Worker-12: Launching 01-FirstMaven_App] INFO  o.eclipse.m2e.core.internal.Bundles - 	Entry: C:\Users\SANDEEP KUSHWAHA\Downloads\sts-4.23.1.RELEASE\plugins\slf4j.api_2.0.13.jar
2024-07-13 00:57:16,734 [Worker-12: Launching 01-FirstMaven_App] INFO  o.eclipse.m2e.core.internal.Bundles - getClasspathEntries(Bundle=javax.inject_1.0.0.v20091030 [600])
2024-07-13 00:57:16,735 [Worker-12: Launching 01-FirstMaven_App] INFO  o.eclipse.m2e.core.internal.Bundles - 	Entry: C:\Users\SANDEEP KUSHWAHA\Downloads\sts-4.23.1.RELEASE\plugins\javax.inject_1.0.0.v20091030.jar
2024-07-13 00:57:16,735 [Worker-12: Launching 01-FirstMaven_App] INFO  o.eclipse.m2e.core.internal.Bundles - getClasspathEntries(Bundle=javax.annotation_1.3.5.v20200909-1856 [53])
2024-07-13 00:57:16,736 [Worker-12: Launching 01-FirstMaven_App] INFO  o.eclipse.m2e.core.internal.Bundles - 	Entry: C:\Users\SANDEEP KUSHWAHA\Downloads\sts-4.23.1.RELEASE\plugins\javax.annotation_1.3.5.v20200909-1856.jar
2024-07-13 00:57:16,736 [Worker-12: Launching 01-FirstMaven_App] INFO  o.eclipse.m2e.core.internal.Bundles - getClasspathEntries(Bundle=org.apache.commons.cli_1.8.0 [76])
2024-07-13 00:57:16,737 [Worker-12: Launching 01-FirstMaven_App] INFO  o.eclipse.m2e.core.internal.Bundles - 	Entry: C:\Users\SANDEEP KUSHWAHA\Downloads\sts-4.23.1.RELEASE\plugins\org.apache.commons.cli_1.8.0.jar
2024-07-13 00:57:16,737 [Worker-12: Launching 01-FirstMaven_App] INFO  o.eclipse.m2e.core.internal.Bundles - getClasspathEntries(Bundle=org.apache.commons.commons-codec_1.16.0 [78])
2024-07-13 00:57:16,738 [Worker-12: Launching 01-FirstMaven_App] INFO  o.eclipse.m2e.core.internal.Bundles - 	Entry: C:\Users\SANDEEP KUSHWAHA\Downloads\sts-4.23.1.RELEASE\plugins\org.apache.commons.commons-codec_1.16.0.jar
2024-07-13 00:57:16,739 [Worker-12: Launching 01-FirstMaven_App] INFO  o.eclipse.m2e.core.internal.Bundles - getClasspathEntries(Bundle=org.apache.commons.lang3_3.14.0 [82])
2024-07-13 00:57:16,740 [Worker-12: Launching 01-FirstMaven_App] INFO  o.eclipse.m2e.core.internal.Bundles - 	Entry: C:\Users\SANDEEP KUSHWAHA\Downloads\sts-4.23.1.RELEASE\plugins\org.apache.commons.lang3_3.14.0.jar
2024-07-13 00:57:16,741 [Worker-12: Launching 01-FirstMaven_App] INFO  o.eclipse.m2e.core.internal.Bundles - getClasspathEntries(Bundle=com.google.guava.failureaccess_1.0.2 [30])
2024-07-13 00:57:16,742 [Worker-12: Launching 01-FirstMaven_App] INFO  o.eclipse.m2e.core.internal.Bundles - 	Entry: C:\Users\SANDEEP KUSHWAHA\Downloads\sts-4.23.1.RELEASE\plugins\com.google.guava.failureaccess_1.0.2.jar
2024-07-13 00:57:16,747 [Worker-12: Launching 01-FirstMaven_App] INFO  o.e.m.i.launch.MavenLaunchDelegate - Run build in "D:\JRTP_Maven_Practices\Maven_Practice\01-FirstMaven_App":
2024-07-13 00:57:16,762 [Worker-12: Launching 01-FirstMaven_App] INFO  o.e.m.i.launch.MavenLaunchDelegate -  mvn  -B -Dstyle.color=always clean package
2024-07-24 01:19:23,577 [Worker-1: Loading available Gradle versions] INFO  o.e.b.c.i.u.g.PublishedGradleVersions - Gradle version information cache is up-to-date. Trying to read.
2024-07-24 01:19:36,215 [Worker-7: Building] WARN  o.a.m.s.f.DefaultMavenResourcesFiltering - Using platform encoding (UTF-8 actually) to copy filtered resources, i.e. build is platform dependent!
2024-07-24 01:19:36,228 [Worker-7: Building] INFO  o.a.m.s.f.DefaultMavenResourcesFiltering - Copying 0 resource from src\main\resources to target\classes
2024-07-24 01:19:36,240 [Worker-7: Building] WARN  o.a.m.s.f.DefaultMavenResourcesFiltering - Using platform encoding (UTF-8 actually) to copy filtered resources, i.e. build is platform dependent!
2024-07-24 01:19:36,242 [Worker-7: Building] INFO  o.a.m.s.f.DefaultMavenResourcesFiltering - Copying 0 resource from src\test\resources to target\test-classes
2024-07-24 01:31:57,254 [Worker-1: Import Getting Started Content] INFO  o.e.m.c.i.e.AbstractTransferListenerAdapter - Downloading https://repo.spring.io/snapshot/org/springframework/boot/spring-boot-starter-parent/3.2.9-SNAPSHOT/maven-metadata.xml
2024-07-24 01:31:57,304 [Worker-1: Import Getting Started Content] INFO  o.e.m.c.i.e.AbstractTransferListenerAdapter - Downloaded https://repo.spring.io/snapshot/org/springframework/boot/spring-boot-starter-parent/3.2.9-SNAPSHOT/maven-metadata.xml
2024-07-24 01:31:57,652 [Worker-1: Import Getting Started Content] INFO  o.e.m.c.i.e.AbstractTransferListenerAdapter - Downloading https://repo.spring.io/snapshot/org/springframework/boot/spring-boot-starter-parent/3.2.9-SNAPSHOT/spring-boot-starter-parent-3.2.9-20240723.145336-6.pom
2024-07-24 01:31:57,748 [Worker-1: Import Getting Started Content] INFO  o.e.m.c.i.e.AbstractTransferListenerAdapter - Downloaded https://repo.spring.io/snapshot/org/springframework/boot/spring-boot-starter-parent/3.2.9-SNAPSHOT/spring-boot-starter-parent-3.2.9-20240723.145336-6.pom
2024-07-24 01:31:58,265 [Worker-1: Import Getting Started Content] INFO  o.e.m.c.i.e.AbstractTransferListenerAdapter - Downloading https://repo.spring.io/snapshot/org/springframework/boot/spring-boot-dependencies/3.2.9-SNAPSHOT/maven-metadata.xml
2024-07-24 01:31:58,307 [Worker-1: Import Getting Started Content] INFO  o.e.m.c.i.e.AbstractTransferListenerAdapter - Downloaded https://repo.spring.io/snapshot/org/springframework/boot/spring-boot-dependencies/3.2.9-SNAPSHOT/maven-metadata.xml
2024-07-24 01:31:58,676 [Worker-1: Import Getting Started Content] INFO  o.e.m.c.i.e.AbstractTransferListenerAdapter - Downloading https://repo.spring.io/snapshot/org/springframework/boot/spring-boot-dependencies/3.2.9-SNAPSHOT/spring-boot-dependencies-3.2.9-20240723.145336-6.pom
2024-07-24 01:31:59,405 [Worker-1: Import Getting Started Content] INFO  o.e.m.c.i.e.AbstractTransferListenerAdapter - Downloaded https://repo.spring.io/snapshot/org/springframework/boot/spring-boot-dependencies/3.2.9-SNAPSHOT/spring-boot-dependencies-3.2.9-20240723.145336-6.pom
2024-07-24 01:32:02,466 [Worker-1: Import Getting Started Content] INFO  o.e.m.c.i.e.AbstractTransferListenerAdapter - Downloading https://repo.spring.io/snapshot/org/springframework/boot/spring-boot-maven-plugin/3.2.9-SNAPSHOT/maven-metadata.xml
2024-07-24 01:32:02,532 [Worker-1: Import Getting Started Content] INFO  o.e.m.c.i.e.AbstractTransferListenerAdapter - Downloaded https://repo.spring.io/snapshot/org/springframework/boot/spring-boot-maven-plugin/3.2.9-SNAPSHOT/maven-metadata.xml
2024-07-24 01:32:02,875 [Worker-1: Import Getting Started Content] INFO  o.e.m.c.i.e.AbstractTransferListenerAdapter - Downloading https://repo.spring.io/snapshot/org/springframework/boot/spring-boot-maven-plugin/3.2.9-SNAPSHOT/spring-boot-maven-plugin-3.2.9-20240723.145336-6.pom
2024-07-24 01:32:02,956 [Worker-1: Import Getting Started Content] INFO  o.e.m.c.i.e.AbstractTransferListenerAdapter - Downloaded https://repo.spring.io/snapshot/org/springframework/boot/spring-boot-maven-plugin/3.2.9-SNAPSHOT/spring-boot-maven-plugin-3.2.9-20240723.145336-6.pom
2024-07-24 01:32:03,498 [Worker-1: Import Getting Started Content] INFO  o.e.m.c.i.e.AbstractTransferListenerAdapter - Downloading https://repo.spring.io/snapshot/org/springframework/boot/spring-boot-maven-plugin/3.2.9-SNAPSHOT/spring-boot-maven-plugin-3.2.9-20240723.145336-6.jar
2024-07-24 01:32:04,570 [Worker-1: Import Getting Started Content] INFO  o.e.m.c.i.e.AbstractTransferListenerAdapter - Downloaded https://repo.spring.io/snapshot/org/springframework/boot/spring-boot-maven-plugin/3.2.9-SNAPSHOT/spring-boot-maven-plugin-3.2.9-20240723.145336-6.jar
2024-07-24 01:32:07,803 [Worker-1: Import Getting Started Content] INFO  o.e.m.c.i.l.LifecycleMappingFactory - Using org.eclipse.m2e.jdt.JarLifecycleMapping lifecycle mapping for MavenProject: in.kumarsk:02-Login_App:0.0.1-SNAPSHOT @ D:\JRTP_Maven_Practices\Maven_Practice\02-Login_App\pom.xml.
2024-07-24 01:32:08,200 [Worker-1: Import Getting Started Content] INFO  o.e.m.c.i.e.AbstractTransferListenerAdapter - Downloading https://repo.spring.io/snapshot/org/springframework/boot/spring-boot-starter-web/3.2.9-SNAPSHOT/maven-metadata.xml
2024-07-24 01:32:08,267 [Worker-1: Import Getting Started Content] INFO  o.e.m.c.i.e.AbstractTransferListenerAdapter - Downloaded https://repo.spring.io/snapshot/org/springframework/boot/spring-boot-starter-web/3.2.9-SNAPSHOT/maven-metadata.xml
2024-07-24 01:32:08,608 [Worker-1: Import Getting Started Content] INFO  o.e.m.c.i.e.AbstractTransferListenerAdapter - Downloading https://repo.spring.io/snapshot/org/springframework/boot/spring-boot-starter-web/3.2.9-SNAPSHOT/spring-boot-starter-web-3.2.9-20240723.145336-6.pom
2024-07-24 01:32:08,689 [Worker-1: Import Getting Started Content] INFO  o.e.m.c.i.e.AbstractTransferListenerAdapter - Downloaded https://repo.spring.io/snapshot/org/springframework/boot/spring-boot-starter-web/3.2.9-SNAPSHOT/spring-boot-starter-web-3.2.9-20240723.145336-6.pom
2024-07-24 01:32:09,049 [Worker-1: Import Getting Started Content] INFO  o.e.m.c.i.e.AbstractTransferListenerAdapter - Downloading https://repo.spring.io/snapshot/org/springframework/boot/spring-boot-starter/3.2.9-SNAPSHOT/maven-metadata.xml
2024-07-24 01:32:09,121 [Worker-1: Import Getting Started Content] INFO  o.e.m.c.i.e.AbstractTransferListenerAdapter - Downloaded https://repo.spring.io/snapshot/org/springframework/boot/spring-boot-starter/3.2.9-SNAPSHOT/maven-metadata.xml
2024-07-24 01:32:09,432 [Worker-1: Import Getting Started Content] INFO  o.e.m.c.i.e.AbstractTransferListenerAdapter - Downloading https://repo.spring.io/snapshot/org/springframework/boot/spring-boot-starter/3.2.9-SNAPSHOT/spring-boot-starter-3.2.9-20240723.145336-6.pom
2024-07-24 01:32:09,588 [Worker-1: Import Getting Started Content] INFO  o.e.m.c.i.e.AbstractTransferListenerAdapter - Downloaded https://repo.spring.io/snapshot/org/springframework/boot/spring-boot-starter/3.2.9-SNAPSHOT/spring-boot-starter-3.2.9-20240723.145336-6.pom
2024-07-24 01:32:10,246 [Worker-1: Import Getting Started Content] INFO  o.e.m.c.i.e.AbstractTransferListenerAdapter - Downloading https://repo.spring.io/snapshot/org/springframework/boot/spring-boot/3.2.9-SNAPSHOT/maven-metadata.xml
2024-07-24 01:32:10,305 [Worker-1: Import Getting Started Content] INFO  o.e.m.c.i.e.AbstractTransferListenerAdapter - Downloaded https://repo.spring.io/snapshot/org/springframework/boot/spring-boot/3.2.9-SNAPSHOT/maven-metadata.xml
2024-07-24 01:32:10,656 [Worker-1: Import Getting Started Content] INFO  o.e.m.c.i.e.AbstractTransferListenerAdapter - Downloading https://repo.spring.io/snapshot/org/springframework/boot/spring-boot/3.2.9-SNAPSHOT/spring-boot-3.2.9-20240723.145336-6.pom
2024-07-24 01:32:10,776 [Worker-1: Import Getting Started Content] INFO  o.e.m.c.i.e.AbstractTransferListenerAdapter - Downloaded https://repo.spring.io/snapshot/org/springframework/boot/spring-boot/3.2.9-SNAPSHOT/spring-boot-3.2.9-20240723.145336-6.pom
2024-07-24 01:32:12,097 [Worker-1: Import Getting Started Content] INFO  o.e.m.c.i.e.AbstractTransferListenerAdapter - Downloading https://repo.spring.io/snapshot/org/springframework/boot/spring-boot-autoconfigure/3.2.9-SNAPSHOT/maven-metadata.xml
2024-07-24 01:32:12,135 [Worker-1: Import Getting Started Content] INFO  o.e.m.c.i.e.AbstractTransferListenerAdapter - Downloaded https://repo.spring.io/snapshot/org/springframework/boot/spring-boot-autoconfigure/3.2.9-SNAPSHOT/maven-metadata.xml
2024-07-24 01:32:12,467 [Worker-1: Import Getting Started Content] INFO  o.e.m.c.i.e.AbstractTransferListenerAdapter - Downloading https://repo.spring.io/snapshot/org/springframework/boot/spring-boot-autoconfigure/3.2.9-SNAPSHOT/spring-boot-autoconfigure-3.2.9-20240723.145336-6.pom
2024-07-24 01:32:12,520 [Worker-1: Import Getting Started Content] INFO  o.e.m.c.i.e.AbstractTransferListenerAdapter - Downloaded https://repo.spring.io/snapshot/org/springframework/boot/spring-boot-autoconfigure/3.2.9-SNAPSHOT/spring-boot-autoconfigure-3.2.9-20240723.145336-6.pom
2024-07-24 01:32:12,913 [Worker-1: Import Getting Started Content] INFO  o.e.m.c.i.e.AbstractTransferListenerAdapter - Downloading https://repo.spring.io/snapshot/org/springframework/boot/spring-boot-starter-logging/3.2.9-SNAPSHOT/maven-metadata.xml
2024-07-24 01:32:12,962 [Worker-1: Import Getting Started Content] INFO  o.e.m.c.i.e.AbstractTransferListenerAdapter - Downloaded https://repo.spring.io/snapshot/org/springframework/boot/spring-boot-starter-logging/3.2.9-SNAPSHOT/maven-metadata.xml
2024-07-24 01:32:13,321 [Worker-1: Import Getting Started Content] INFO  o.e.m.c.i.e.AbstractTransferListenerAdapter - Downloading https://repo.spring.io/snapshot/org/springframework/boot/spring-boot-starter-logging/3.2.9-SNAPSHOT/spring-boot-starter-logging-3.2.9-20240723.145336-6.pom
2024-07-24 01:32:13,489 [Worker-1: Import Getting Started Content] INFO  o.e.m.c.i.e.AbstractTransferListenerAdapter - Downloaded https://repo.spring.io/snapshot/org/springframework/boot/spring-boot-starter-logging/3.2.9-SNAPSHOT/spring-boot-starter-logging-3.2.9-20240723.145336-6.pom
2024-07-24 01:32:16,187 [Worker-2: reload maven project] INFO  o.e.m.c.i.e.AbstractTransferListenerAdapter - Downloading https://repo.spring.io/snapshot/org/springframework/boot/spring-boot-starter-json/3.2.9-SNAPSHOT/maven-metadata.xml
2024-07-24 01:32:16,325 [Worker-2: reload maven project] INFO  o.e.m.c.i.e.AbstractTransferListenerAdapter - Downloaded https://repo.spring.io/snapshot/org/springframework/boot/spring-boot-starter-json/3.2.9-SNAPSHOT/maven-metadata.xml
2024-07-24 01:32:16,697 [Worker-1: Import Getting Started Content] INFO  o.e.m.c.i.e.AbstractTransferListenerAdapter - Downloading https://repo.spring.io/snapshot/org/springframework/boot/spring-boot-starter-json/3.2.9-SNAPSHOT/spring-boot-starter-json-3.2.9-20240723.145336-6.pom
2024-07-24 01:32:16,753 [Worker-1: Import Getting Started Content] INFO  o.e.m.c.i.e.AbstractTransferListenerAdapter - Downloaded https://repo.spring.io/snapshot/org/springframework/boot/spring-boot-starter-json/3.2.9-SNAPSHOT/spring-boot-starter-json-3.2.9-20240723.145336-6.pom
2024-07-24 01:32:17,577 [Worker-2: reload maven project] INFO  o.e.m.c.i.e.AbstractTransferListenerAdapter - Downloading https://repo.spring.io/snapshot/org/springframework/boot/spring-boot-starter-tomcat/3.2.9-SNAPSHOT/maven-metadata.xml
2024-07-24 01:32:17,653 [Worker-2: reload maven project] INFO  o.e.m.c.i.e.AbstractTransferListenerAdapter - Downloaded https://repo.spring.io/snapshot/org/springframework/boot/spring-boot-starter-tomcat/3.2.9-SNAPSHOT/maven-metadata.xml
2024-07-24 01:32:18,040 [Worker-2: reload maven project] INFO  o.e.m.c.i.e.AbstractTransferListenerAdapter - Downloading https://repo.spring.io/snapshot/org/springframework/boot/spring-boot-starter-tomcat/3.2.9-SNAPSHOT/spring-boot-starter-tomcat-3.2.9-20240723.145336-6.pom
2024-07-24 01:32:18,255 [Worker-2: reload maven project] INFO  o.e.m.c.i.e.AbstractTransferListenerAdapter - Downloaded https://repo.spring.io/snapshot/org/springframework/boot/spring-boot-starter-tomcat/3.2.9-SNAPSHOT/spring-boot-starter-tomcat-3.2.9-20240723.145336-6.pom
2024-07-24 01:32:18,746 [Worker-2: reload maven project] INFO  o.e.m.c.i.e.AbstractTransferListenerAdapter - Downloading https://repo.spring.io/snapshot/org/springframework/boot/spring-boot-starter-test/3.2.9-SNAPSHOT/maven-metadata.xml
2024-07-24 01:32:18,800 [Worker-2: reload maven project] INFO  o.e.m.c.i.e.AbstractTransferListenerAdapter - Downloaded https://repo.spring.io/snapshot/org/springframework/boot/spring-boot-starter-test/3.2.9-SNAPSHOT/maven-metadata.xml
2024-07-24 01:32:19,154 [Worker-2: reload maven project] INFO  o.e.m.c.i.e.AbstractTransferListenerAdapter - Downloading https://repo.spring.io/snapshot/org/springframework/boot/spring-boot-starter-test/3.2.9-SNAPSHOT/spring-boot-starter-test-3.2.9-20240723.145336-6.pom
2024-07-24 01:32:19,206 [Worker-2: reload maven project] INFO  o.e.m.c.i.e.AbstractTransferListenerAdapter - Downloaded https://repo.spring.io/snapshot/org/springframework/boot/spring-boot-starter-test/3.2.9-SNAPSHOT/spring-boot-starter-test-3.2.9-20240723.145336-6.pom
2024-07-24 01:32:19,564 [Worker-2: reload maven project] INFO  o.e.m.c.i.e.AbstractTransferListenerAdapter - Downloading https://repo.spring.io/snapshot/org/springframework/boot/spring-boot-test/3.2.9-SNAPSHOT/maven-metadata.xml
2024-07-24 01:32:19,607 [Worker-2: reload maven project] INFO  o.e.m.c.i.e.AbstractTransferListenerAdapter - Downloaded https://repo.spring.io/snapshot/org/springframework/boot/spring-boot-test/3.2.9-SNAPSHOT/maven-metadata.xml
2024-07-24 01:32:19,979 [Worker-2: reload maven project] INFO  o.e.m.c.i.e.AbstractTransferListenerAdapter - Downloading https://repo.spring.io/snapshot/org/springframework/boot/spring-boot-test/3.2.9-SNAPSHOT/spring-boot-test-3.2.9-20240723.145336-6.pom
2024-07-24 01:32:20,066 [Worker-2: reload maven project] INFO  o.e.m.c.i.e.AbstractTransferListenerAdapter - Downloaded https://repo.spring.io/snapshot/org/springframework/boot/spring-boot-test/3.2.9-SNAPSHOT/spring-boot-test-3.2.9-20240723.145336-6.pom
2024-07-24 01:32:20,414 [Worker-2: reload maven project] INFO  o.e.m.c.i.e.AbstractTransferListenerAdapter - Downloading https://repo.spring.io/snapshot/org/springframework/boot/spring-boot-test-autoconfigure/3.2.9-SNAPSHOT/maven-metadata.xml
2024-07-24 01:32:20,525 [Worker-2: reload maven project] INFO  o.e.m.c.i.e.AbstractTransferListenerAdapter - Downloaded https://repo.spring.io/snapshot/org/springframework/boot/spring-boot-test-autoconfigure/3.2.9-SNAPSHOT/maven-metadata.xml
2024-07-24 01:32:20,898 [Worker-2: reload maven project] INFO  o.e.m.c.i.e.AbstractTransferListenerAdapter - Downloading https://repo.spring.io/snapshot/org/springframework/boot/spring-boot-test-autoconfigure/3.2.9-SNAPSHOT/spring-boot-test-autoconfigure-3.2.9-20240723.145336-6.pom
2024-07-24 01:32:20,996 [Worker-2: reload maven project] INFO  o.e.m.c.i.e.AbstractTransferListenerAdapter - Downloaded https://repo.spring.io/snapshot/org/springframework/boot/spring-boot-test-autoconfigure/3.2.9-SNAPSHOT/spring-boot-test-autoconfigure-3.2.9-20240723.145336-6.pom
2024-07-24 01:32:23,874 [Worker-1: Import Getting Started Content] INFO  o.e.m.c.i.e.AbstractTransferListenerAdapter - Downloading https://repo.spring.io/snapshot/org/springframework/boot/spring-boot-starter-web/3.2.9-SNAPSHOT/spring-boot-starter-web-3.2.9-20240723.145336-6.jar
2024-07-24 01:32:24,084 [Worker-1: Import Getting Started Content] INFO  o.e.m.c.i.e.AbstractTransferListenerAdapter - Downloaded https://repo.spring.io/snapshot/org/springframework/boot/spring-boot-starter-web/3.2.9-SNAPSHOT/spring-boot-starter-web-3.2.9-20240723.145336-6.jar
2024-07-24 01:32:24,348 [BasicRepositoryConnector-repo.spring.io-0-0] INFO  o.e.m.c.i.e.AbstractTransferListenerAdapter - Downloading https://repo.spring.io/snapshot/org/springframework/boot/spring-boot-starter/3.2.9-SNAPSHOT/spring-boot-starter-3.2.9-20240723.145336-6.jar
2024-07-24 01:32:24,488 [BasicRepositoryConnector-repo.spring.io-0-0] INFO  o.e.m.c.i.e.AbstractTransferListenerAdapter - Downloaded https://repo.spring.io/snapshot/org/springframework/boot/spring-boot-starter/3.2.9-SNAPSHOT/spring-boot-starter-3.2.9-20240723.145336-6.jar
2024-07-24 01:32:24,753 [BasicRepositoryConnector-repo.spring.io-0-0] INFO  o.e.m.c.i.e.AbstractTransferListenerAdapter - Downloading https://repo.spring.io/snapshot/org/springframework/boot/spring-boot-starter-tomcat/3.2.9-SNAPSHOT/spring-boot-starter-tomcat-3.2.9-20240723.145336-6.jar
2024-07-24 01:32:24,883 [BasicRepositoryConnector-repo.spring.io-0-0] INFO  o.e.m.c.i.e.AbstractTransferListenerAdapter - Downloaded https://repo.spring.io/snapshot/org/springframework/boot/spring-boot-starter-tomcat/3.2.9-SNAPSHOT/spring-boot-starter-tomcat-3.2.9-20240723.145336-6.jar
2024-07-24 01:32:24,899 [BasicRepositoryConnector-repo.spring.io-0-4] INFO  o.e.m.c.i.e.AbstractTransferListenerAdapter - Downloading https://repo.spring.io/snapshot/org/springframework/boot/spring-boot-starter-json/3.2.9-SNAPSHOT/spring-boot-starter-json-3.2.9-20240723.145336-6.jar
2024-07-24 01:32:24,912 [BasicRepositoryConnector-repo.spring.io-0-3] INFO  o.e.m.c.i.e.AbstractTransferListenerAdapter - Downloading https://repo.spring.io/snapshot/org/springframework/boot/spring-boot-starter-logging/3.2.9-SNAPSHOT/spring-boot-starter-logging-3.2.9-20240723.145336-6.jar
2024-07-24 01:32:25,148 [BasicRepositoryConnector-repo.spring.io-0-4] INFO  o.e.m.c.i.e.AbstractTransferListenerAdapter - Downloaded https://repo.spring.io/snapshot/org/springframework/boot/spring-boot-starter-json/3.2.9-SNAPSHOT/spring-boot-starter-json-3.2.9-20240723.145336-6.jar
2024-07-24 01:32:25,162 [BasicRepositoryConnector-repo.spring.io-0-0] INFO  o.e.m.c.i.e.AbstractTransferListenerAdapter - Downloading https://repo.spring.io/snapshot/org/springframework/boot/spring-boot-starter-test/3.2.9-SNAPSHOT/spring-boot-starter-test-3.2.9-20240723.145336-6.jar
2024-07-24 01:32:25,333 [BasicRepositoryConnector-repo.spring.io-0-3] INFO  o.e.m.c.i.e.AbstractTransferListenerAdapter - Downloaded https://repo.spring.io/snapshot/org/springframework/boot/spring-boot-starter-logging/3.2.9-SNAPSHOT/spring-boot-starter-logging-3.2.9-20240723.145336-6.jar
2024-07-24 01:32:25,430 [BasicRepositoryConnector-repo.spring.io-0-0] INFO  o.e.m.c.i.e.AbstractTransferListenerAdapter - Downloaded https://repo.spring.io/snapshot/org/springframework/boot/spring-boot-starter-test/3.2.9-SNAPSHOT/spring-boot-starter-test-3.2.9-20240723.145336-6.jar
2024-07-24 01:32:26,176 [BasicRepositoryConnector-repo.spring.io-0-1] INFO  o.e.m.c.i.e.AbstractTransferListenerAdapter - Downloading https://repo.spring.io/snapshot/org/springframework/boot/spring-boot/3.2.9-SNAPSHOT/spring-boot-3.2.9-20240723.145336-6.jar
2024-07-24 01:32:26,202 [BasicRepositoryConnector-repo.spring.io-0-2] INFO  o.e.m.c.i.e.AbstractTransferListenerAdapter - Downloading https://repo.spring.io/snapshot/org/springframework/boot/spring-boot-autoconfigure/3.2.9-SNAPSHOT/spring-boot-autoconfigure-3.2.9-20240723.145336-6.jar
2024-07-24 01:32:26,388 [BasicRepositoryConnector-repo.spring.io-0-4] INFO  o.e.m.c.i.e.AbstractTransferListenerAdapter - Downloading https://repo.spring.io/snapshot/org/springframework/boot/spring-boot-test/3.2.9-SNAPSHOT/spring-boot-test-3.2.9-20240723.145336-6.jar
2024-07-24 01:32:26,660 [BasicRepositoryConnector-repo.spring.io-0-3] INFO  o.e.m.c.i.e.AbstractTransferListenerAdapter - Downloading https://repo.spring.io/snapshot/org/springframework/boot/spring-boot-test-autoconfigure/3.2.9-SNAPSHOT/spring-boot-test-autoconfigure-3.2.9-20240723.145336-6.jar
2024-07-24 01:32:27,550 [BasicRepositoryConnector-repo.spring.io-0-4] INFO  o.e.m.c.i.e.AbstractTransferListenerAdapter - Downloaded https://repo.spring.io/snapshot/org/springframework/boot/spring-boot-test/3.2.9-SNAPSHOT/spring-boot-test-3.2.9-20240723.145336-6.jar
2024-07-24 01:32:27,786 [BasicRepositoryConnector-repo.spring.io-0-3] INFO  o.e.m.c.i.e.AbstractTransferListenerAdapter - Downloaded https://repo.spring.io/snapshot/org/springframework/boot/spring-boot-test-autoconfigure/3.2.9-SNAPSHOT/spring-boot-test-autoconfigure-3.2.9-20240723.145336-6.jar
2024-07-24 01:32:32,449 [BasicRepositoryConnector-repo.spring.io-0-1] INFO  o.e.m.c.i.e.AbstractTransferListenerAdapter - Downloaded https://repo.spring.io/snapshot/org/springframework/boot/spring-boot/3.2.9-SNAPSHOT/spring-boot-3.2.9-20240723.145336-6.jar
2024-07-24 01:32:43,248 [BasicRepositoryConnector-repo.spring.io-0-2] INFO  o.e.m.c.i.e.AbstractTransferListenerAdapter - Downloaded https://repo.spring.io/snapshot/org/springframework/boot/spring-boot-autoconfigure/3.2.9-SNAPSHOT/spring-boot-autoconfigure-3.2.9-20240723.145336-6.jar
2024-07-24 01:32:45,711 [Worker-1: Import Getting Started Content] INFO  o.e.m.j.i.AbstractJavaProjectConfigurator - Adding source folder /02-Login_App/src/main/java
2024-07-24 01:32:45,715 [Worker-1: Import Getting Started Content] INFO  o.e.m.j.i.AbstractJavaProjectConfigurator - Adding resource folder /02-Login_App/src/main/resources
2024-07-24 01:32:45,737 [Worker-1: Import Getting Started Content] INFO  o.e.m.j.i.AbstractJavaProjectConfigurator - Adding resource folder /02-Login_App/src/main/resources
2024-07-24 01:32:45,768 [Worker-1: Import Getting Started Content] INFO  o.e.m.j.i.AbstractJavaProjectConfigurator - Adding source folder /02-Login_App/src/test/java
2024-07-24 01:32:45,770 [Worker-1: Import Getting Started Content] INFO  o.e.m.j.i.AbstractJavaProjectConfigurator - Adding resource folder /02-Login_App/src/test/resources
2024-07-24 01:32:47,087 [Worker-1: Import Getting Started Content] INFO  o.e.m.c.i.p.ProjectConfigurationManager - Imported and configured 1 project(s) in 51 sec
2024-07-24 01:32:47,117 [Worker-1: Import Getting Started Content] INFO  o.e.m.c.i.p.ProjectConfigurationManager - Update started
2024-07-24 01:32:48,229 [Worker-9: Download sources and javadoc] INFO  o.e.m.c.i.e.AbstractTransferListenerAdapter - Downloading https://repo.spring.io/snapshot/org/springframework/boot/spring-boot-starter-web/3.2.9-SNAPSHOT/spring-boot-starter-web-3.2.9-20240723.145336-6-sources.jar
2024-07-24 01:32:48,849 [Worker-9: Download sources and javadoc] INFO  o.e.m.c.i.e.AbstractTransferListenerAdapter - Downloaded https://repo.spring.io/snapshot/org/springframework/boot/spring-boot-starter-web/3.2.9-SNAPSHOT/spring-boot-starter-web-3.2.9-20240723.145336-6-sources.jar
2024-07-24 01:32:49,067 [Worker-1: Import Getting Started Content] INFO  o.e.m.c.i.l.LifecycleMappingFactory - Using org.eclipse.m2e.jdt.JarLifecycleMapping lifecycle mapping for MavenProject: in.kumarsk:02-Login_App:0.0.1-SNAPSHOT @ D:\JRTP_Maven_Practices\Maven_Practice\02-Login_App\pom.xml.
2024-07-24 01:32:49,258 [Worker-9: Download sources and javadoc] INFO  o.e.m.j.internal.DownloadSourcesJob - Downloaded sources for org.springframework.boot:spring-boot-starter-web:3.2.9-SNAPSHOT
2024-07-24 01:32:50,457 [Worker-9: Download sources and javadoc] INFO  o.e.m.c.i.e.AbstractTransferListenerAdapter - Downloading https://repo.spring.io/snapshot/org/springframework/boot/spring-boot-starter/3.2.9-SNAPSHOT/spring-boot-starter-3.2.9-20240723.145336-6-sources.jar
2024-07-24 01:32:51,018 [Worker-9: Download sources and javadoc] INFO  o.e.m.c.i.e.AbstractTransferListenerAdapter - Downloaded https://repo.spring.io/snapshot/org/springframework/boot/spring-boot-starter/3.2.9-SNAPSHOT/spring-boot-starter-3.2.9-20240723.145336-6-sources.jar
2024-07-24 01:32:51,113 [Worker-9: Download sources and javadoc] INFO  o.e.m.j.internal.DownloadSourcesJob - Downloaded sources for org.springframework.boot:spring-boot-starter:3.2.9-SNAPSHOT
2024-07-24 01:32:51,218 [Worker-1: Import Getting Started Content] INFO  o.e.m.j.i.AbstractJavaProjectConfigurator - Adding source folder /02-Login_App/src/main/java
2024-07-24 01:32:51,220 [Worker-1: Import Getting Started Content] INFO  o.e.m.j.i.AbstractJavaProjectConfigurator - Adding resource folder /02-Login_App/src/main/resources
2024-07-24 01:32:51,221 [Worker-1: Import Getting Started Content] INFO  o.e.m.j.i.AbstractJavaProjectConfigurator - Adding resource folder /02-Login_App/src/main/resources
2024-07-24 01:32:51,222 [Worker-1: Import Getting Started Content] INFO  o.e.m.j.i.AbstractJavaProjectConfigurator - Adding source folder /02-Login_App/src/test/java
2024-07-24 01:32:51,224 [Worker-1: Import Getting Started Content] INFO  o.e.m.j.i.AbstractJavaProjectConfigurator - Adding resource folder /02-Login_App/src/test/resources
2024-07-24 01:32:52,868 [Worker-1: Import Getting Started Content] INFO  o.e.m.c.i.p.ProjectConfigurationManager - Update completed for 1 poms: local refresh takes 0.00 sec, refresh facades takes 4.00 sec, update config takes 0.00 sec 
2024-07-24 01:32:53,366 [Worker-9: Download sources and javadoc] INFO  o.e.m.c.i.e.AbstractTransferListenerAdapter - Downloading https://repo.spring.io/snapshot/org/springframework/boot/spring-boot/3.2.9-SNAPSHOT/spring-boot-3.2.9-20240723.145336-6-sources.jar
2024-07-24 01:32:54,792 [Worker-1: Building] INFO  o.a.m.s.f.DefaultMavenResourcesFiltering - Copying 1 resource from src\main\resources to target\classes
2024-07-24 01:32:54,834 [Worker-1: Building] INFO  o.a.m.s.f.DefaultMavenResourcesFiltering - Copying 0 resource from src\main\resources to target\classes
2024-07-24 01:32:54,845 [Worker-1: Building] INFO  o.a.m.s.f.DefaultMavenResourcesFiltering - skip non existing resourceDirectory D:\JRTP_Maven_Practices\Maven_Practice\02-Login_App\src\test\resources
2024-07-24 01:32:58,727 [Worker-9: Download sources and javadoc] INFO  o.e.m.c.i.e.AbstractTransferListenerAdapter - Downloaded https://repo.spring.io/snapshot/org/springframework/boot/spring-boot/3.2.9-SNAPSHOT/spring-boot-3.2.9-20240723.145336-6-sources.jar
2024-07-24 01:32:58,810 [Worker-9: Download sources and javadoc] INFO  o.e.m.j.internal.DownloadSourcesJob - Downloaded sources for org.springframework.boot:spring-boot:3.2.9-SNAPSHOT
2024-07-24 01:33:01,328 [Worker-9: Download sources and javadoc] INFO  o.e.m.c.i.e.AbstractTransferListenerAdapter - Downloading https://repo.spring.io/snapshot/org/springframework/boot/spring-boot-autoconfigure/3.2.9-SNAPSHOT/spring-boot-autoconfigure-3.2.9-20240723.145336-6-sources.jar
2024-07-24 01:33:06,492 [Worker-9: Download sources and javadoc] INFO  o.e.m.c.i.e.AbstractTransferListenerAdapter - Downloaded https://repo.spring.io/snapshot/org/springframework/boot/spring-boot-autoconfigure/3.2.9-SNAPSHOT/spring-boot-autoconfigure-3.2.9-20240723.145336-6-sources.jar
2024-07-24 01:33:06,579 [Worker-9: Download sources and javadoc] INFO  o.e.m.j.internal.DownloadSourcesJob - Downloaded sources for org.springframework.boot:spring-boot-autoconfigure:3.2.9-SNAPSHOT
2024-07-24 01:33:07,745 [Worker-9: Download sources and javadoc] INFO  o.e.m.c.i.e.AbstractTransferListenerAdapter - Downloading https://repo.spring.io/snapshot/org/springframework/boot/spring-boot-starter-logging/3.2.9-SNAPSHOT/spring-boot-starter-logging-3.2.9-20240723.145336-6-sources.jar
2024-07-24 01:33:07,885 [Worker-9: Download sources and javadoc] INFO  o.e.m.c.i.e.AbstractTransferListenerAdapter - Downloaded https://repo.spring.io/snapshot/org/springframework/boot/spring-boot-starter-logging/3.2.9-SNAPSHOT/spring-boot-starter-logging-3.2.9-20240723.145336-6-sources.jar
2024-07-24 01:33:07,921 [Worker-9: Download sources and javadoc] INFO  o.e.m.j.internal.DownloadSourcesJob - Downloaded sources for org.springframework.boot:spring-boot-starter-logging:3.2.9-SNAPSHOT
2024-07-24 01:33:09,435 [Worker-9: Download sources and javadoc] INFO  o.e.m.c.i.e.AbstractTransferListenerAdapter - Downloading https://repo.spring.io/snapshot/org/springframework/boot/spring-boot-starter-json/3.2.9-SNAPSHOT/spring-boot-starter-json-3.2.9-20240723.145336-6-sources.jar
2024-07-24 01:33:09,671 [Worker-9: Download sources and javadoc] INFO  o.e.m.c.i.e.AbstractTransferListenerAdapter - Downloaded https://repo.spring.io/snapshot/org/springframework/boot/spring-boot-starter-json/3.2.9-SNAPSHOT/spring-boot-starter-json-3.2.9-20240723.145336-6-sources.jar
2024-07-24 01:33:09,772 [Worker-9: Download sources and javadoc] INFO  o.e.m.j.internal.DownloadSourcesJob - Downloaded sources for org.springframework.boot:spring-boot-starter-json:3.2.9-SNAPSHOT
2024-07-24 01:33:10,977 [Worker-9: Download sources and javadoc] INFO  o.e.m.c.i.e.AbstractTransferListenerAdapter - Downloading https://repo.spring.io/snapshot/org/springframework/boot/spring-boot-starter-tomcat/3.2.9-SNAPSHOT/spring-boot-starter-tomcat-3.2.9-20240723.145336-6-sources.jar
2024-07-24 01:33:11,176 [Worker-9: Download sources and javadoc] INFO  o.e.m.c.i.e.AbstractTransferListenerAdapter - Downloaded https://repo.spring.io/snapshot/org/springframework/boot/spring-boot-starter-tomcat/3.2.9-SNAPSHOT/spring-boot-starter-tomcat-3.2.9-20240723.145336-6-sources.jar
2024-07-24 01:33:11,208 [Worker-9: Download sources and javadoc] INFO  o.e.m.j.internal.DownloadSourcesJob - Downloaded sources for org.springframework.boot:spring-boot-starter-tomcat:3.2.9-SNAPSHOT
2024-07-24 01:33:12,508 [Worker-9: Download sources and javadoc] INFO  o.e.m.c.i.e.AbstractTransferListenerAdapter - Downloading https://repo.spring.io/snapshot/org/springframework/boot/spring-boot-starter-test/3.2.9-SNAPSHOT/spring-boot-starter-test-3.2.9-20240723.145336-6-sources.jar
2024-07-24 01:33:12,739 [Worker-9: Download sources and javadoc] INFO  o.e.m.c.i.e.AbstractTransferListenerAdapter - Downloaded https://repo.spring.io/snapshot/org/springframework/boot/spring-boot-starter-test/3.2.9-SNAPSHOT/spring-boot-starter-test-3.2.9-20240723.145336-6-sources.jar
2024-07-24 01:33:12,851 [Worker-9: Download sources and javadoc] INFO  o.e.m.j.internal.DownloadSourcesJob - Downloaded sources for org.springframework.boot:spring-boot-starter-test:3.2.9-SNAPSHOT
2024-07-24 01:33:14,146 [Worker-9: Download sources and javadoc] INFO  o.e.m.c.i.e.AbstractTransferListenerAdapter - Downloading https://repo.spring.io/snapshot/org/springframework/boot/spring-boot-test/3.2.9-SNAPSHOT/spring-boot-test-3.2.9-20240723.145336-6-sources.jar
2024-07-24 01:33:15,115 [Worker-9: Download sources and javadoc] INFO  o.e.m.c.i.e.AbstractTransferListenerAdapter - Downloaded https://repo.spring.io/snapshot/org/springframework/boot/spring-boot-test/3.2.9-SNAPSHOT/spring-boot-test-3.2.9-20240723.145336-6-sources.jar
2024-07-24 01:33:15,191 [Worker-9: Download sources and javadoc] INFO  o.e.m.j.internal.DownloadSourcesJob - Downloaded sources for org.springframework.boot:spring-boot-test:3.2.9-SNAPSHOT
2024-07-24 01:33:17,629 [Worker-9: Download sources and javadoc] INFO  o.e.m.c.i.e.AbstractTransferListenerAdapter - Downloading https://repo.spring.io/snapshot/org/springframework/boot/spring-boot-test-autoconfigure/3.2.9-SNAPSHOT/spring-boot-test-autoconfigure-3.2.9-20240723.145336-6-sources.jar
2024-07-24 01:33:20,256 [Worker-9: Download sources and javadoc] INFO  o.e.m.c.i.e.AbstractTransferListenerAdapter - Downloaded https://repo.spring.io/snapshot/org/springframework/boot/spring-boot-test-autoconfigure/3.2.9-SNAPSHOT/spring-boot-test-autoconfigure-3.2.9-20240723.145336-6-sources.jar
2024-07-24 01:33:20,458 [Worker-9: Download sources and javadoc] INFO  o.e.m.j.internal.DownloadSourcesJob - Downloaded sources for org.springframework.boot:spring-boot-test-autoconfigure:3.2.9-SNAPSHOT
2024-07-24 01:35:20,961 [Worker-12: Building] INFO  o.a.m.s.f.DefaultMavenResourcesFiltering - Copying 1 resource from src\main\resources to target\classes
2024-07-24 01:35:20,968 [Worker-12: Building] INFO  o.a.m.s.f.DefaultMavenResourcesFiltering - Copying 0 resource from src\main\resources to target\classes
2024-07-24 01:35:20,991 [Worker-12: Building] INFO  o.a.m.s.f.DefaultMavenResourcesFiltering - skip non existing resourceDirectory D:\JRTP_Maven_Practices\Maven_Practice\02-Login_App\src\test\resources
2024-07-24 01:38:53,147 [Worker-11: Launching 02-Login_App - Application] INFO  o.a.m.s.f.DefaultMavenResourcesFiltering - Copying 1 resource from src\main\resources to target\classes
2024-07-24 01:38:53,154 [Worker-11: Launching 02-Login_App - Application] INFO  o.a.m.s.f.DefaultMavenResourcesFiltering - Copying 0 resource from src\main\resources to target\classes
2024-07-24 01:38:53,159 [Worker-11: Launching 02-Login_App - Application] INFO  o.a.m.s.f.DefaultMavenResourcesFiltering - skip non existing resourceDirectory D:\JRTP_Maven_Practices\Maven_Practice\02-Login_App\src\test\resources
2024-07-24 01:39:48,145 [Worker-14: Building] INFO  o.a.m.s.f.DefaultMavenResourcesFiltering - Copying 1 resource from src\main\resources to target\classes
2024-07-24 01:39:48,153 [Worker-14: Building] INFO  o.a.m.s.f.DefaultMavenResourcesFiltering - Copying 0 resource from src\main\resources to target\classes
2024-07-24 01:39:48,159 [Worker-14: Building] INFO  o.a.m.s.f.DefaultMavenResourcesFiltering - skip non existing resourceDirectory D:\JRTP_Maven_Practices\Maven_Practice\02-Login_App\src\test\resources
2024-07-24 01:52:04,947 [Worker-16: Launching 02-Login_App - Application] INFO  o.a.m.s.f.DefaultMavenResourcesFiltering - Copying 1 resource from src\main\resources to target\classes
2024-07-24 01:52:04,953 [Worker-16: Launching 02-Login_App - Application] INFO  o.a.m.s.f.DefaultMavenResourcesFiltering - Copying 0 resource from src\main\resources to target\classes
2024-07-24 01:52:04,958 [Worker-16: Launching 02-Login_App - Application] INFO  o.a.m.s.f.DefaultMavenResourcesFiltering - skip non existing resourceDirectory D:\JRTP_Maven_Practices\Maven_Practice\02-Login_App\src\test\resources
2024-07-24 01:54:45,744 [Worker-23: Building] INFO  o.a.m.s.f.DefaultMavenResourcesFiltering - Copying 1 resource from src\main\resources to target\classes
2024-07-24 01:54:45,757 [Worker-23: Building] INFO  o.a.m.s.f.DefaultMavenResourcesFiltering - Copying 0 resource from src\main\resources to target\classes
2024-07-24 01:54:45,763 [Worker-23: Building] INFO  o.a.m.s.f.DefaultMavenResourcesFiltering - skip non existing resourceDirectory D:\JRTP_Maven_Practices\Maven_Practice\02-Login_App\src\test\resources
2024-07-24 01:56:12,228 [Worker-11: Building] INFO  o.a.m.s.f.DefaultMavenResourcesFiltering - Copying 0 resource from src\main\resources to target\classes
2024-07-24 01:56:12,229 [Worker-11: Building] INFO  o.a.m.s.f.DefaultMavenResourcesFiltering - Copying 0 resource from src\main\resources to target\classes
2024-07-24 01:56:12,235 [Worker-11: Building] INFO  o.a.m.s.f.DefaultMavenResourcesFiltering - skip non existing resourceDirectory D:\JRTP_Maven_Practices\Maven_Practice\02-Login_App\src\test\resources
2024-07-24 01:56:13,372 [Worker-21: Building] INFO  o.a.m.s.f.DefaultMavenResourcesFiltering - Copying 0 resource from src\main\resources to target\classes
2024-07-24 01:56:13,375 [Worker-21: Building] INFO  o.a.m.s.f.DefaultMavenResourcesFiltering - Copying 0 resource from src\main\resources to target\classes
2024-07-24 01:56:13,386 [Worker-21: Building] INFO  o.a.m.s.f.DefaultMavenResourcesFiltering - skip non existing resourceDirectory D:\JRTP_Maven_Practices\Maven_Practice\02-Login_App\src\test\resources
2024-07-24 01:58:33,270 [Worker-25: Building] INFO  o.a.m.s.f.DefaultMavenResourcesFiltering - Copying 0 resource from src\main\resources to target\classes
2024-07-24 01:58:33,272 [Worker-25: Building] INFO  o.a.m.s.f.DefaultMavenResourcesFiltering - Copying 0 resource from src\main\resources to target\classes
2024-07-24 01:58:33,279 [Worker-25: Building] INFO  o.a.m.s.f.DefaultMavenResourcesFiltering - skip non existing resourceDirectory D:\JRTP_Maven_Practices\Maven_Practice\02-Login_App\src\test\resources
2024-07-24 01:59:50,660 [Worker-25: Building] INFO  o.a.m.s.f.DefaultMavenResourcesFiltering - Copying 0 resource from src\main\resources to target\classes
2024-07-24 01:59:50,662 [Worker-25: Building] INFO  o.a.m.s.f.DefaultMavenResourcesFiltering - Copying 0 resource from src\main\resources to target\classes
2024-07-24 01:59:50,673 [Worker-25: Building] INFO  o.a.m.s.f.DefaultMavenResourcesFiltering - skip non existing resourceDirectory D:\JRTP_Maven_Practices\Maven_Practice\02-Login_App\src\test\resources
2024-07-24 02:11:57,817 [Worker-28: Building] INFO  o.a.m.s.f.DefaultMavenResourcesFiltering - Copying 1 resource from src\main\resources to target\classes
2024-07-24 02:11:57,843 [Worker-28: Building] INFO  o.a.m.s.f.DefaultMavenResourcesFiltering - Copying 0 resource from src\main\resources to target\classes
2024-07-24 02:11:57,850 [Worker-28: Building] INFO  o.a.m.s.f.DefaultMavenResourcesFiltering - skip non existing resourceDirectory D:\JRTP_Maven_Practices\Maven_Practice\02-Login_App\src\test\resources
2024-07-24 02:13:51,642 [Worker-31: Building] INFO  o.a.m.s.f.DefaultMavenResourcesFiltering - Copying 0 resource from src\main\resources to target\classes
2024-07-24 02:13:51,644 [Worker-31: Building] INFO  o.a.m.s.f.DefaultMavenResourcesFiltering - Copying 0 resource from src\main\resources to target\classes
2024-07-24 02:13:51,648 [Worker-31: Building] INFO  o.a.m.s.f.DefaultMavenResourcesFiltering - skip non existing resourceDirectory D:\JRTP_Maven_Practices\Maven_Practice\02-Login_App\src\test\resources
2024-07-24 02:13:59,632 [Worker-29: Building] INFO  o.a.m.s.f.DefaultMavenResourcesFiltering - Copying 0 resource from src\main\resources to target\classes
2024-07-24 02:13:59,633 [Worker-29: Building] INFO  o.a.m.s.f.DefaultMavenResourcesFiltering - Copying 0 resource from src\main\resources to target\classes
2024-07-24 02:13:59,638 [Worker-29: Building] INFO  o.a.m.s.f.DefaultMavenResourcesFiltering - skip non existing resourceDirectory D:\JRTP_Maven_Practices\Maven_Practice\02-Login_App\src\test\resources
2024-07-24 02:17:18,544 [Worker-26: Building] INFO  o.a.m.s.f.DefaultMavenResourcesFiltering - Copying 0 resource from src\main\resources to target\classes
2024-07-24 02:17:18,548 [Worker-26: Building] INFO  o.a.m.s.f.DefaultMavenResourcesFiltering - Copying 0 resource from src\main\resources to target\classes
2024-07-24 02:17:18,557 [Worker-26: Building] INFO  o.a.m.s.f.DefaultMavenResourcesFiltering - skip non existing resourceDirectory D:\JRTP_Maven_Practices\Maven_Practice\02-Login_App\src\test\resources
2024-07-24 02:17:22,675 [Worker-26: Building] INFO  o.a.m.s.f.DefaultMavenResourcesFiltering - Copying 0 resource from src\main\resources to target\classes
2024-07-24 02:17:22,676 [Worker-26: Building] INFO  o.a.m.s.f.DefaultMavenResourcesFiltering - Copying 0 resource from src\main\resources to target\classes
2024-07-24 02:17:22,680 [Worker-26: Building] INFO  o.a.m.s.f.DefaultMavenResourcesFiltering - skip non existing resourceDirectory D:\JRTP_Maven_Practices\Maven_Practice\02-Login_App\src\test\resources
2024-07-24 02:22:14,533 [Worker-35: Building] INFO  o.a.m.s.f.DefaultMavenResourcesFiltering - Copying 1 resource from src\main\resources to target\classes
2024-07-24 02:22:14,545 [Worker-35: Building] INFO  o.a.m.s.f.DefaultMavenResourcesFiltering - Copying 0 resource from src\main\resources to target\classes
2024-07-24 02:22:14,550 [Worker-35: Building] INFO  o.a.m.s.f.DefaultMavenResourcesFiltering - skip non existing resourceDirectory D:\JRTP_Maven_Practices\Maven_Practice\02-Login_App\src\test\resources
2024-07-24 02:22:26,433 [Worker-30: Building] INFO  o.a.m.s.f.DefaultMavenResourcesFiltering - Copying 1 resource from src\main\resources to target\classes
2024-07-24 02:22:26,443 [Worker-30: Building] INFO  o.a.m.s.f.DefaultMavenResourcesFiltering - Copying 0 resource from src\main\resources to target\classes
2024-07-24 02:22:26,448 [Worker-30: Building] INFO  o.a.m.s.f.DefaultMavenResourcesFiltering - skip non existing resourceDirectory D:\JRTP_Maven_Practices\Maven_Practice\02-Login_App\src\test\resources
2024-07-24 02:25:23,518 [Worker-36: Building] INFO  o.a.m.s.f.DefaultMavenResourcesFiltering - Copying 1 resource from src\main\resources to target\classes
2024-07-24 02:25:23,526 [Worker-36: Building] INFO  o.a.m.s.f.DefaultMavenResourcesFiltering - Copying 0 resource from src\main\resources to target\classes
2024-07-24 02:25:23,530 [Worker-36: Building] INFO  o.a.m.s.f.DefaultMavenResourcesFiltering - skip non existing resourceDirectory D:\JRTP_Maven_Practices\Maven_Practice\02-Login_App\src\test\resources
2024-07-24 02:25:24,606 [Worker-35: Building] INFO  o.a.m.s.f.DefaultMavenResourcesFiltering - Copying 0 resource from src\main\resources to target\classes
2024-07-24 02:25:24,610 [Worker-35: Building] INFO  o.a.m.s.f.DefaultMavenResourcesFiltering - Copying 0 resource from src\main\resources to target\classes
2024-07-24 02:25:24,651 [Worker-35: Building] INFO  o.a.m.s.f.DefaultMavenResourcesFiltering - skip non existing resourceDirectory D:\JRTP_Maven_Practices\Maven_Practice\02-Login_App\src\test\resources
